---------------
Oct 20 2009 7:44 -- inspect
System Inspection Results: 
------------------------------
NA: Webserver => Apache
NA: HTTP Host => www.eztennisinternational.com
NA: Path_Translated => /var/chroot/home/content/89/4690689/html/zc_install/index.php(SCRIPT_FILENAME)
NA: Real Path => /home/content/89/4690689/html
NA: Server Free Disk Space => 1574.73 GB
NA: PHP O/S => Linux
WARN: PHP API Mode => cgi-fcgi
NA: PHP Max Execution Time per page => 30
OK: Register Globals => OFF
OK: MySQL Support => ON
OK: PHP Version => 5.2.8
OK: PHP Safe Mode => OFF
OK: PHP Sessions Support => ON
OK: PHP Session.AutoStart => OFF
OK: PHP session.use_trans_sid => OFF
OK: Suggested SQL Cache Folder => /home/content/89/4690689/html/cache
OK: PHP magic_quotes_runtime setting => OFF
OK: PHP magic_quotes_sybase setting => OFF
OK: PHP GD Support => ON
OK: GD Version => GD bundled (2.0.34 compatible)
OK: PHP ZLIB Compression Support => ON
OK: PHP OpenSSL Support => ON
OK: PHP cURL Support => ON
OK: CURL NON-SSL Capability => Okay
OK: CURL SSL Capability => Okay
OK: PHP Upload Support => ON  upload_max_filesize=8M;  post_max_size=8M
OK: PHP Upload TMP dir => /tmp
NA: PHP include_path => .:/usr/local/php5/lib/php
NA: PHP SMTP destination => relay-hosting.secureserver.net
NA: PHP sendmail path => /usr/sbin/sendmail -t -i 
NA: PHP sendmail 'from' => me@localhost.com
OK: PHP open_basedir restrictions => 
WARN: PHP Output Buffering (gzip) => OFF
OK: PHP FTP Support => ON
OK: PHP XML Support => ON
OK: PHP Session.Save_Path => /home/content/89/4690689/html/cache-->Writeable
OK: includes/configure.php =>  Writeable
OK: admin/includes/configure.php =>  Writeable
OK: cache => OK 777 read/write/execute
OK: images => OK 777 read/write/execute (INCLUDE SUBDIRECTORIES TOO)
OK: includes/languages/english/html_includes => OK 777 read/write (INCLUDE SUBDIRECTORIES TOO)
OK: media => OK 777 read/write/execute
OK: pub => OK 777 read/write/execute
OK: admin/backups => OK 777 read/write
OK: admin/images/graphs => OK 777 read/write/execute
PHP Extensions compiled: zip, libxml, xsl, xmlwriter, dom, xmlreader, xml, wddx, tokenizer, session, pcre, SimpleXML, SPL, PDO, soap, SQLite, standard, Reflection, pspell, pdo_sqlite, pdo_mysql, mysqli, mysql, mhash, mcrypt, mbstring, json, iconv, hash, gettext, gd, ftp, filter, exif, dba, date, curl, ctype, calendar, bcmath, zlib, openssl, cgi-fcgi
------------------------------


---------------
Oct 20 2009 7:57 -- database_setup1
Installer - Page: database_setup -- collected information: Array
(
    [language] => english
    [DIR_FS_SQL_CACHE] => /home/content/89/4690689/html/cache
    [DB_TYPE] => mysql
    [DB_PREFIX] => EZ_
    [DB_SERVER] => EZTenSys.db.4690689.hostedresource.com
    [DB_SERVER_USERNAME] => EZTenSys
    [DB_SERVER_PASSWORD] => UzJsdVowOW1TMmx1WjNOQU1RPT0=
    [DB_DATABASE] => EZTenSys
    [STORE_SESSIONS] => db
    [USE_PCONNECT] => 
    [SQL_CACHE_METHOD] => database
)


